18:01:17.573 [main] INFO  org.intocps.maestro.parser.MablParserUtil - Parting file: generate/spec.mabl
18:01:18.964 [main] DEBUG org.intocps.maestro.Mabl - Frameworks: []
18:01:19.596 [main] DEBUG org.intocps.maestro.Mabl - Type checking
18:01:24.317 [main] INFO  org.intocps.maestro.interpreter.MableInterpreter - Starting Mable Interpreter...
18:01:24.446 [main] DEBUG org.intocps.fmi.jnifmuapi.NativeFmu - Load FMU /home/santiago/York/flex-cell/co-simulation/models/mappingFMU.fmu
18:01:24.447 [main] DEBUG org.intocps.fmi.jnifmuapi.NativeFmu - Extracting: /home/santiago/York/flex-cell/co-simulation/models/mappingFMU.fmu to /tmp/mappingFMU7191670883430116461
18:01:25.044 [main] DEBUG org.intocps.fmi.jnifmuapi.NativeFmu - Extracted '/home/santiago/York/flex-cell/co-simulation/models/mappingFMU.fmu' to '/tmp/mappingFMU7191670883430116461'
18:01:25.228 [main] DEBUG org.intocps.fmi.jnifmuapi.shared.NativeLoadManager - Loading FMU library: /tmp/mappingFMU7191670883430116461/binaries/linux64/unifmu.so
18:01:25.233 [main] DEBUG org.intocps.fmi.jnifmuapi.NativeFmuLibraryLoader - Loading library: lib/Linux-amd64/libfmuapi.so
18:01:25.235 [main] DEBUG org.intocps.fmi.jnifmuapi.shared.NativeLibraryLoader - Extracting library from: lib/Linux-amd64/libfmuapi.so
18:01:25.292 [main] DEBUG org.intocps.fmi.jnifmuapi.shared.NativeLibraryLoader - Extracted library: /tmp/jnifmuapi6355304625769024751/jnifmuapi-Linux-amd64/libfmuapi.so
18:01:25.309 [main] DEBUG org.intocps.fmi.jnifmuapi.NativeFmuLibraryLoader - Loaded Library file: /tmp/jnifmuapi6355304625769024751/jnifmuapi-Linux-amd64/libfmuapi.so
18:01:25.310 [main] DEBUG org.intocps.fmi.jnifmuapi.shared.NativeLoadManager - Successfully loaded FMU library: /tmp/mappingFMU7191670883430116461/binaries/linux64/unifmu.so
18:01:25.311 [main] DEBUG org.intocps.fmi.jnifmuapi.shared.NativeLoadManager - Loaded library into DLL pointer: 139793273863008
18:01:25.315 [main] DEBUG org.intocps.fmi.jnifmuapi.NativeFmu - Load FMU /home/santiago/York/flex-cell/co-simulation/models/dmodelFMU.fmu
18:01:25.318 [main] DEBUG org.intocps.fmi.jnifmuapi.NativeFmu - Extracting: /home/santiago/York/flex-cell/co-simulation/models/dmodelFMU.fmu to /tmp/dmodelFMU8130679528845371361
18:01:25.387 [main] DEBUG org.intocps.fmi.jnifmuapi.NativeFmu - Extracted '/home/santiago/York/flex-cell/co-simulation/models/dmodelFMU.fmu' to '/tmp/dmodelFMU8130679528845371361'
18:01:25.471 [main] DEBUG org.intocps.fmi.jnifmuapi.shared.NativeLoadManager - Loading FMU library: /tmp/dmodelFMU8130679528845371361/binaries/linux64/DiscreteGrippingArm.so
18:01:25.472 [main] DEBUG org.intocps.fmi.jnifmuapi.shared.NativeLoadManager - Successfully loaded FMU library: /tmp/dmodelFMU8130679528845371361/binaries/linux64/DiscreteGrippingArm.so
18:01:25.480 [main] DEBUG org.intocps.fmi.jnifmuapi.shared.NativeLoadManager - Loaded library into DLL pointer: 139793268302208
18:01:25.484 [main] DEBUG org.intocps.fmi.jnifmuapi.NativeFmu - Load FMU /home/santiago/York/flex-cell/co-simulation/models/controllerFMU.fmu
18:01:25.485 [main] DEBUG org.intocps.fmi.jnifmuapi.NativeFmu - Extracting: /home/santiago/York/flex-cell/co-simulation/models/controllerFMU.fmu to /tmp/controllerFMU6370871025368301835
18:01:25.992 [main] DEBUG org.intocps.fmi.jnifmuapi.NativeFmu - Extracted '/home/santiago/York/flex-cell/co-simulation/models/controllerFMU.fmu' to '/tmp/controllerFMU6370871025368301835'
18:01:25.998 [main] DEBUG org.intocps.fmi.jnifmuapi.shared.NativeLoadManager - Loading FMU library: /tmp/controllerFMU6370871025368301835/binaries/linux64/unifmu.so
18:01:26.014 [main] DEBUG org.intocps.fmi.jnifmuapi.shared.NativeLoadManager - Successfully loaded FMU library: /tmp/controllerFMU6370871025368301835/binaries/linux64/unifmu.so
18:01:26.016 [main] DEBUG org.intocps.fmi.jnifmuapi.shared.NativeLoadManager - Loaded library into DLL pointer: 139793274295872
18:01:26.030 [main] DEBUG org.intocps.maestro.interpreter.Interpreter - Loading native FMU. GUID: 77236337-210e-4e9c-8f2c-c1a0677db21b, NAME: controller
18:01:26.414 [main] DEBUG org.intocps.maestro.interpreter.Interpreter - Loading native FMU. GUID: 77236337-210e-4e9c-8f2c-c1a0677db21b, NAME: mapping
18:01:32.563 [main] DEBUG org.intocps.maestro.interpreter.Interpreter - Loading native FMU. GUID: {1AE5E10D-9521-4DE3-80B9-D0EAAA7D5AF1}, NAME: dmodel
18:02:47.371 [main] DEBUG org.intocps.maestro.interpreter.Interpreter - freeInstance
18:02:47.472 [main] DEBUG org.intocps.maestro.interpreter.Interpreter - freeInstance
18:02:48.129 [main] DEBUG org.intocps.maestro.interpreter.Interpreter - freeInstance
